{'date': '2018-11-23 16:56:53', 'user': 'AnonymousUser', 'action': 'Error', 'content': "导入配置文件失败:type object 'Cabint' has no attribute 'device'"}
{'date': '2018-11-23 16:58:37', 'user': 'AnonymousUser', 'action': 'Error', 'content': "导入配置文件失败:type object 'Cabint' has no attribute 'device'"}
{'date': '2018-11-23 17:03:58', 'user': 'AnonymousUser', 'action': 'Error', 'content': "导入配置文件失败:type object 'Cabint' has no attribute 'device'"}
{'date': '2018-11-23 17:04:51', 'user': 'admin', 'action': 'Error', 'content': "导入配置文件失败:type object 'Cabint' has no attribute 'device'"}
{'date': '2018-11-23 17:12:36', 'user': 'admin', 'action': 'Error', 'content': "导入配置文件失败:type object 'Cabint' has no attribute 'device'"}
{'date': '2018-11-23 17:14:22', 'user': 'admin', 'action': 'Error', 'content': "导入配置文件失败:type object 'Cabint' has no attribute 'device'"}
{'date': '2018-11-23 17:15:14', 'user': 'admin', 'action': 'Error', 'content': "导入配置文件失败:type object 'Cabint' has no attribute 'device'"}
{'date': '2018-11-23 17:23:50', 'user': 'admin', 'action': 'Error', 'content': "导入配置文件失败:type object 'Cabint' has no attribute 'device'"}
{'date': '2018-11-23 17:28:18', 'user': 'admin', 'action': 'Error', 'content': "导入配置文件失败:type object 'Cabint' has no attribute 'device'"}
{'date': '2018-11-23 17:43:17', 'user': 'admin', 'action': 'Error', 'content': "导入配置文件失败:type object 'Cabint' has no attribute 'device'"}
{'date': '2018-11-23 17:45:18', 'user': 'admin', 'action': 'Error', 'content': "导入配置文件失败:type object 'Cabint' has no attribute 'device'"}
{'date': '2018-11-23 17:45:37', 'user': 'admin', 'action': 'Error', 'content': "导入配置文件失败:type object 'Cabint' has no attribute 'device'"}
{'date': '2018-11-23 17:46:10', 'user': 'admin', 'action': 'Error', 'content': "导入配置文件失败:type object 'Cabint' has no attribute 'device'"}
{'date': '2018-11-23 17:46:39', 'user': 'admin', 'action': 'Error', 'content': "导入配置文件失败:type object 'Cabint' has no attribute 'device'"}
{'date': '2018-11-24 11:59:06', 'user': 'admin', 'action': 'Error', 'content': "导入配置文件失败:type object 'Servers' has no attribute 'protocol'"}
{'date': '2018-11-24 12:01:12', 'user': 'admin', 'action': 'Error', 'content': "导入配置文件失败:type object 'Servers' has no attribute 'protocol'"}
{'date': '2018-11-24 15:20:48', 'user': 'admin', 'action': 'Error', 'content': "导入配置文件失败:invalid literal for int() with base 10: 'bjbqj-119-c02-sev-x3550m-1u05'"}
{'date': '2018-11-24 15:22:58', 'user': 'admin', 'action': 'Error', 'content': "导入配置文件失败:invalid literal for int() with base 10: 'bjbqj-119-c02-sev-x3550m-1u05'"}
{'date': '2018-11-24 15:31:09', 'user': 'admin', 'action': 'Error', 'content': "导入配置文件失败:invalid literal for int() with base 10: 'bjbqj-119-c02-sev-x3550m-1u05'"}
{'date': '2018-11-24 15:36:21', 'user': 'admin', 'action': 'Error', 'content': "导入配置文件失败:invalid literal for int() with base 10: 'bjbqj-119-c02-sev-x3550m-1u05'"}
{'date': '2018-11-24 15:37:50', 'user': 'admin', 'action': 'Error', 'content': "导入配置文件失败:invalid literal for int() with base 10: 'bjbqj-119-c02-sev-x3550m-1u05'"}
{'date': '2018-11-24 15:46:57', 'user': 'admin', 'action': 'Error', 'content': "导入配置文件失败:invalid literal for int() with base 10: 'bjbqj-119-c02-sev-x3550m-1u05'"}
{'date': '2018-11-24 15:49:28', 'user': 'admin', 'action': 'Error', 'content': "导入配置文件失败:invalid literal for int() with base 10: 'bjbqj-119-c02-sev-x3550m-1u05'"}
{'date': '2018-11-24 15:51:39', 'user': 'admin', 'action': 'Error', 'content': "导入配置文件失败:invalid literal for int() with base 10: 'bjbqj-119-c02-sev-x3550m-1u25'"}
{'date': '2018-11-24 16:36:14', 'user': 'admin', 'action': 'Error', 'content': 'list index out of range'}
{'date': '2018-11-24 16:36:14', 'user': 'admin', 'action': 'Error', 'content': 'list index out of range'}
{'date': '2018-11-24 16:36:14', 'user': 'admin', 'action': 'Error', 'content': 'list index out of range'}
{'date': '2018-11-24 16:36:14', 'user': 'admin', 'action': 'Error', 'content': 'list index out of range'}
{'date': '2018-11-24 16:36:14', 'user': 'admin', 'action': 'Error', 'content': 'list index out of range'}
{'date': '2018-11-24 16:36:14', 'user': 'admin', 'action': 'Error', 'content': 'list index out of range'}
{'date': '2018-11-24 16:36:14', 'user': 'admin', 'action': 'Error', 'content': 'list index out of range'}
{'date': '2018-11-24 16:36:14', 'user': 'admin', 'action': 'Error', 'content': 'list index out of range'}
{'date': '2018-11-24 16:36:14', 'user': 'admin', 'action': 'Error', 'content': 'list index out of range'}
{'date': '2018-11-24 16:36:14', 'user': 'admin', 'action': 'Error', 'content': 'list index out of range'}
{'date': '2018-11-24 16:36:14', 'user': 'admin', 'action': 'Error', 'content': 'list index out of range'}
{'date': '2018-11-24 16:36:14', 'user': 'admin', 'action': 'Error', 'content': 'list index out of range'}
{'date': '2018-11-24 16:36:15', 'user': 'admin', 'action': 'Error', 'content': 'list index out of range'}
{'date': '2018-11-24 16:36:15', 'user': 'admin', 'action': 'Error', 'content': 'list index out of range'}
{'date': '2018-11-24 16:36:15', 'user': 'admin', 'action': 'Error', 'content': 'list index out of range'}
{'date': '2018-11-24 16:36:15', 'user': 'admin', 'action': 'Error', 'content': 'list index out of range'}
{'date': '2018-11-24 16:36:15', 'user': 'admin', 'action': 'Error', 'content': 'list index out of range'}
{'date': '2018-11-24 16:36:15', 'user': 'admin', 'action': 'Error', 'content': 'list index out of range'}
{'date': '2018-11-24 16:36:15', 'user': 'admin', 'action': 'Error', 'content': 'list index out of range'}
{'date': '2018-11-24 16:36:15', 'user': 'admin', 'action': 'Error', 'content': 'list index out of range'}
{'date': '2018-11-24 16:36:15', 'user': 'admin', 'action': 'Error', 'content': 'list index out of range'}
{'date': '2018-11-24 16:36:15', 'user': 'admin', 'action': 'Error', 'content': 'list index out of range'}
{'date': '2018-11-24 16:36:15', 'user': 'admin', 'action': 'Error', 'content': 'list index out of range'}
{'date': '2018-11-24 16:36:15', 'user': 'admin', 'action': 'Error', 'content': 'list index out of range'}
{'date': '2018-11-24 16:36:15', 'user': 'admin', 'action': 'Error', 'content': 'list index out of range'}
{'date': '2018-11-24 16:36:15', 'user': 'admin', 'action': 'Error', 'content': 'list index out of range'}
{'date': '2018-11-24 16:36:15', 'user': 'admin', 'action': 'Error', 'content': 'list index out of range'}
{'date': '2018-11-24 16:36:15', 'user': 'admin', 'action': 'Error', 'content': 'list index out of range'}
{'date': '2018-11-24 16:43:31', 'user': 'admin', 'action': 'Error', 'content': 'list index out of range'}
{'date': '2018-11-24 16:43:31', 'user': 'admin', 'action': 'Error', 'content': 'list index out of range'}
{'date': '2018-11-24 16:43:31', 'user': 'admin', 'action': 'Error', 'content': 'list index out of range'}
{'date': '2018-11-24 16:43:31', 'user': 'admin', 'action': 'Error', 'content': 'list index out of range'}
{'date': '2018-11-24 16:43:31', 'user': 'admin', 'action': 'Error', 'content': 'list index out of range'}
{'date': '2018-11-24 16:43:31', 'user': 'admin', 'action': 'Error', 'content': 'list index out of range'}
{'date': '2018-11-24 16:43:31', 'user': 'admin', 'action': 'Error', 'content': 'list index out of range'}
{'date': '2018-11-24 16:43:31', 'user': 'admin', 'action': 'Error', 'content': 'list index out of range'}
{'date': '2018-11-24 16:43:31', 'user': 'admin', 'action': 'Error', 'content': 'list index out of range'}
{'date': '2018-11-24 16:43:31', 'user': 'admin', 'action': 'Error', 'content': 'list index out of range'}
{'date': '2018-11-24 16:43:31', 'user': 'admin', 'action': 'Error', 'content': 'list index out of range'}
{'date': '2018-11-24 16:43:31', 'user': 'admin', 'action': 'Error', 'content': 'list index out of range'}
{'date': '2018-11-24 16:43:31', 'user': 'admin', 'action': 'Error', 'content': 'list index out of range'}
{'date': '2018-11-24 16:43:31', 'user': 'admin', 'action': 'Error', 'content': 'list index out of range'}
{'date': '2018-11-24 16:43:31', 'user': 'admin', 'action': 'Error', 'content': 'list index out of range'}
{'date': '2018-11-24 16:43:31', 'user': 'admin', 'action': 'Error', 'content': 'list index out of range'}
{'date': '2018-11-24 16:43:31', 'user': 'admin', 'action': 'Error', 'content': 'list index out of range'}
{'date': '2018-11-24 16:43:31', 'user': 'admin', 'action': 'Error', 'content': 'list index out of range'}
{'date': '2018-11-24 16:43:31', 'user': 'admin', 'action': 'Error', 'content': 'list index out of range'}
{'date': '2018-11-24 16:43:31', 'user': 'admin', 'action': 'Error', 'content': 'list index out of range'}
{'date': '2018-11-24 16:43:31', 'user': 'admin', 'action': 'Error', 'content': 'list index out of range'}
{'date': '2018-11-24 16:43:31', 'user': 'admin', 'action': 'Error', 'content': 'list index out of range'}
{'date': '2018-11-24 16:43:31', 'user': 'admin', 'action': 'Error', 'content': 'list index out of range'}
{'date': '2018-11-24 16:43:31', 'user': 'admin', 'action': 'Error', 'content': 'list index out of range'}
{'date': '2018-11-24 16:43:31', 'user': 'admin', 'action': 'Error', 'content': 'list index out of range'}
{'date': '2018-11-24 16:43:31', 'user': 'admin', 'action': 'Error', 'content': 'list index out of range'}
{'date': '2018-11-24 16:43:31', 'user': 'admin', 'action': 'Error', 'content': 'list index out of range'}
{'date': '2018-11-24 16:43:31', 'user': 'admin', 'action': 'Error', 'content': 'list index out of range'}
{'date': '2018-11-24 16:44:39', 'user': 'admin', 'action': 'Error', 'content': 'list index out of range'}
{'date': '2018-11-24 16:44:39', 'user': 'admin', 'action': 'Error', 'content': 'list index out of range'}
{'date': '2018-11-24 16:44:39', 'user': 'admin', 'action': 'Error', 'content': 'list index out of range'}
{'date': '2018-11-24 16:44:39', 'user': 'admin', 'action': 'Error', 'content': 'list index out of range'}
{'date': '2018-11-24 16:44:39', 'user': 'admin', 'action': 'Error', 'content': 'list index out of range'}
{'date': '2018-11-24 16:44:39', 'user': 'admin', 'action': 'Error', 'content': 'list index out of range'}
{'date': '2018-11-24 16:44:39', 'user': 'admin', 'action': 'Error', 'content': 'list index out of range'}
{'date': '2018-11-24 16:44:39', 'user': 'admin', 'action': 'Error', 'content': 'list index out of range'}
{'date': '2018-11-24 16:44:39', 'user': 'admin', 'action': 'Error', 'content': 'list index out of range'}
{'date': '2018-11-24 16:44:39', 'user': 'admin', 'action': 'Error', 'content': 'list index out of range'}
{'date': '2018-11-24 16:44:39', 'user': 'admin', 'action': 'Error', 'content': 'list index out of range'}
{'date': '2018-11-24 16:44:39', 'user': 'admin', 'action': 'Error', 'content': 'list index out of range'}
{'date': '2018-11-24 16:44:39', 'user': 'admin', 'action': 'Error', 'content': 'list index out of range'}
{'date': '2018-11-24 16:44:39', 'user': 'admin', 'action': 'Error', 'content': 'list index out of range'}
{'date': '2018-11-24 16:44:39', 'user': 'admin', 'action': 'Error', 'content': 'list index out of range'}
{'date': '2018-11-24 16:44:39', 'user': 'admin', 'action': 'Error', 'content': 'list index out of range'}
{'date': '2018-11-24 16:44:39', 'user': 'admin', 'action': 'Error', 'content': 'list index out of range'}
{'date': '2018-11-24 16:44:39', 'user': 'admin', 'action': 'Error', 'content': 'list index out of range'}
{'date': '2018-11-24 16:44:39', 'user': 'admin', 'action': 'Error', 'content': 'list index out of range'}
{'date': '2018-11-24 16:44:39', 'user': 'admin', 'action': 'Error', 'content': 'list index out of range'}
{'date': '2018-11-24 16:44:39', 'user': 'admin', 'action': 'Error', 'content': 'list index out of range'}
{'date': '2018-11-24 16:44:39', 'user': 'admin', 'action': 'Error', 'content': 'list index out of range'}
{'date': '2018-11-24 16:44:39', 'user': 'admin', 'action': 'Error', 'content': 'list index out of range'}
{'date': '2018-11-24 16:44:39', 'user': 'admin', 'action': 'Error', 'content': 'list index out of range'}
{'date': '2018-11-24 16:44:39', 'user': 'admin', 'action': 'Error', 'content': 'list index out of range'}
{'date': '2018-11-24 16:44:39', 'user': 'admin', 'action': 'Error', 'content': 'list index out of range'}
{'date': '2018-11-24 16:44:39', 'user': 'admin', 'action': 'Error', 'content': 'list index out of range'}
{'date': '2018-11-24 16:44:39', 'user': 'admin', 'action': 'Error', 'content': 'list index out of range'}
{'date': '2018-11-24 17:23:28', 'user': 'admin', 'action': 'Error', 'content': 'list index out of range'}
{'date': '2018-11-24 17:23:28', 'user': 'admin', 'action': 'Error', 'content': 'list index out of range'}
{'date': '2018-11-24 17:23:28', 'user': 'admin', 'action': 'Error', 'content': 'list index out of range'}
{'date': '2018-11-24 17:23:28', 'user': 'admin', 'action': 'Error', 'content': 'list index out of range'}
{'date': '2018-11-24 17:23:28', 'user': 'admin', 'action': 'Error', 'content': 'list index out of range'}
{'date': '2018-11-24 17:23:28', 'user': 'admin', 'action': 'Error', 'content': 'list index out of range'}
{'date': '2018-11-24 17:23:28', 'user': 'admin', 'action': 'Error', 'content': 'list index out of range'}
{'date': '2018-11-24 17:23:28', 'user': 'admin', 'action': 'Error', 'content': 'list index out of range'}
{'date': '2018-11-24 17:23:28', 'user': 'admin', 'action': 'Error', 'content': 'list index out of range'}
{'date': '2018-11-24 17:23:28', 'user': 'admin', 'action': 'Error', 'content': 'list index out of range'}
{'date': '2018-11-24 17:23:28', 'user': 'admin', 'action': 'Error', 'content': 'list index out of range'}
{'date': '2018-11-24 17:23:28', 'user': 'admin', 'action': 'Error', 'content': 'list index out of range'}
{'date': '2018-11-24 17:23:28', 'user': 'admin', 'action': 'Error', 'content': 'list index out of range'}
{'date': '2018-11-24 17:23:28', 'user': 'admin', 'action': 'Error', 'content': 'list index out of range'}
{'date': '2018-11-24 17:23:28', 'user': 'admin', 'action': 'Error', 'content': 'list index out of range'}
{'date': '2018-11-24 17:23:28', 'user': 'admin', 'action': 'Error', 'content': 'list index out of range'}
{'date': '2018-11-24 17:23:28', 'user': 'admin', 'action': 'Error', 'content': 'list index out of range'}
{'date': '2018-11-24 17:23:28', 'user': 'admin', 'action': 'Error', 'content': 'list index out of range'}
{'date': '2018-11-24 17:23:28', 'user': 'admin', 'action': 'Error', 'content': 'list index out of range'}
{'date': '2018-11-24 17:23:28', 'user': 'admin', 'action': 'Error', 'content': 'list index out of range'}
{'date': '2018-11-24 17:23:28', 'user': 'admin', 'action': 'Error', 'content': 'list index out of range'}
{'date': '2018-11-24 17:23:28', 'user': 'admin', 'action': 'Error', 'content': 'list index out of range'}
{'date': '2018-11-24 17:23:28', 'user': 'admin', 'action': 'Error', 'content': 'list index out of range'}
{'date': '2018-11-24 17:23:28', 'user': 'admin', 'action': 'Error', 'content': 'list index out of range'}
{'date': '2018-11-24 17:23:28', 'user': 'admin', 'action': 'Error', 'content': 'list index out of range'}
{'date': '2018-11-24 17:23:28', 'user': 'admin', 'action': 'Error', 'content': 'list index out of range'}
{'date': '2018-11-24 17:23:28', 'user': 'admin', 'action': 'Error', 'content': 'list index out of range'}
{'date': '2018-11-24 17:23:28', 'user': 'admin', 'action': 'Error', 'content': 'list index out of range'}
{'date': '2018-11-24 17:25:00', 'user': 'admin', 'action': 'Error', 'content': 'list index out of range'}
{'date': '2018-11-24 17:25:00', 'user': 'admin', 'action': 'Error', 'content': 'list index out of range'}
{'date': '2018-11-24 17:25:00', 'user': 'admin', 'action': 'Error', 'content': 'list index out of range'}
{'date': '2018-11-24 17:25:00', 'user': 'admin', 'action': 'Error', 'content': 'list index out of range'}
{'date': '2018-11-24 17:25:00', 'user': 'admin', 'action': 'Error', 'content': 'list index out of range'}
{'date': '2018-11-24 17:25:00', 'user': 'admin', 'action': 'Error', 'content': 'list index out of range'}
{'date': '2018-11-24 17:25:00', 'user': 'admin', 'action': 'Error', 'content': 'list index out of range'}
{'date': '2018-11-24 17:25:00', 'user': 'admin', 'action': 'Error', 'content': 'list index out of range'}
{'date': '2018-11-24 17:25:00', 'user': 'admin', 'action': 'Error', 'content': 'list index out of range'}
{'date': '2018-11-24 17:25:00', 'user': 'admin', 'action': 'Error', 'content': 'list index out of range'}
{'date': '2018-11-24 17:25:00', 'user': 'admin', 'action': 'Error', 'content': 'list index out of range'}
{'date': '2018-11-24 17:25:00', 'user': 'admin', 'action': 'Error', 'content': 'list index out of range'}
{'date': '2018-11-24 17:25:00', 'user': 'admin', 'action': 'Error', 'content': 'list index out of range'}
{'date': '2018-11-24 17:25:00', 'user': 'admin', 'action': 'Error', 'content': 'list index out of range'}
{'date': '2018-11-24 17:25:00', 'user': 'admin', 'action': 'Error', 'content': 'list index out of range'}
{'date': '2018-11-24 17:25:00', 'user': 'admin', 'action': 'Error', 'content': 'list index out of range'}
{'date': '2018-11-24 17:25:00', 'user': 'admin', 'action': 'Error', 'content': 'list index out of range'}
{'date': '2018-11-24 17:25:00', 'user': 'admin', 'action': 'Error', 'content': 'list index out of range'}
{'date': '2018-11-24 17:25:00', 'user': 'admin', 'action': 'Error', 'content': 'list index out of range'}
{'date': '2018-11-24 17:25:00', 'user': 'admin', 'action': 'Error', 'content': 'list index out of range'}
{'date': '2018-11-24 17:25:00', 'user': 'admin', 'action': 'Error', 'content': 'list index out of range'}
{'date': '2018-11-24 17:25:00', 'user': 'admin', 'action': 'Error', 'content': 'list index out of range'}
{'date': '2018-11-24 17:25:00', 'user': 'admin', 'action': 'Error', 'content': 'list index out of range'}
{'date': '2018-11-24 17:25:00', 'user': 'admin', 'action': 'Error', 'content': 'list index out of range'}
{'date': '2018-11-24 17:25:00', 'user': 'admin', 'action': 'Error', 'content': 'list index out of range'}
{'date': '2018-11-24 17:25:00', 'user': 'admin', 'action': 'Error', 'content': 'list index out of range'}
{'date': '2018-11-24 17:25:00', 'user': 'admin', 'action': 'Error', 'content': 'list index out of range'}
{'date': '2018-11-24 17:25:00', 'user': 'admin', 'action': 'Error', 'content': 'list index out of range'}
{'date': '2018-11-24 17:57:44', 'user': 'admin', 'action': 'Error', 'content': 'list index out of range'}
{'date': '2018-11-24 17:57:44', 'user': 'admin', 'action': 'Error', 'content': 'list index out of range'}
{'date': '2018-11-24 17:57:44', 'user': 'admin', 'action': 'Error', 'content': 'list index out of range'}
{'date': '2018-11-24 17:57:44', 'user': 'admin', 'action': 'Error', 'content': 'list index out of range'}
{'date': '2018-11-24 17:57:44', 'user': 'admin', 'action': 'Error', 'content': 'list index out of range'}
{'date': '2018-11-24 17:57:44', 'user': 'admin', 'action': 'Error', 'content': 'list index out of range'}
{'date': '2018-11-24 17:57:44', 'user': 'admin', 'action': 'Error', 'content': 'list index out of range'}
{'date': '2018-11-24 17:57:44', 'user': 'admin', 'action': 'Error', 'content': 'list index out of range'}
{'date': '2018-11-24 17:57:44', 'user': 'admin', 'action': 'Error', 'content': 'list index out of range'}
{'date': '2018-11-24 17:57:44', 'user': 'admin', 'action': 'Error', 'content': 'list index out of range'}
{'date': '2018-11-24 17:57:44', 'user': 'admin', 'action': 'Error', 'content': 'list index out of range'}
{'date': '2018-11-24 17:57:44', 'user': 'admin', 'action': 'Error', 'content': 'list index out of range'}
{'date': '2018-11-24 17:57:44', 'user': 'admin', 'action': 'Error', 'content': 'list index out of range'}
{'date': '2018-11-24 17:57:44', 'user': 'admin', 'action': 'Error', 'content': 'list index out of range'}
{'date': '2018-11-24 17:57:44', 'user': 'admin', 'action': 'Error', 'content': 'list index out of range'}
{'date': '2018-11-24 17:57:44', 'user': 'admin', 'action': 'Error', 'content': 'list index out of range'}
{'date': '2018-11-24 17:57:44', 'user': 'admin', 'action': 'Error', 'content': 'list index out of range'}
{'date': '2018-11-24 17:57:44', 'user': 'admin', 'action': 'Error', 'content': 'list index out of range'}
{'date': '2018-11-24 17:57:44', 'user': 'admin', 'action': 'Error', 'content': 'list index out of range'}
{'date': '2018-11-24 17:57:44', 'user': 'admin', 'action': 'Error', 'content': 'list index out of range'}
{'date': '2018-11-24 17:57:44', 'user': 'admin', 'action': 'Error', 'content': 'list index out of range'}
{'date': '2018-11-24 17:57:44', 'user': 'admin', 'action': 'Error', 'content': 'list index out of range'}
{'date': '2018-11-24 17:57:44', 'user': 'admin', 'action': 'Error', 'content': 'list index out of range'}
{'date': '2018-11-24 17:57:44', 'user': 'admin', 'action': 'Error', 'content': 'list index out of range'}
{'date': '2018-11-24 17:57:44', 'user': 'admin', 'action': 'Error', 'content': 'list index out of range'}
{'date': '2018-11-24 17:57:44', 'user': 'admin', 'action': 'Error', 'content': 'list index out of range'}
{'date': '2018-11-24 17:57:44', 'user': 'admin', 'action': 'Error', 'content': 'list index out of range'}
{'date': '2018-11-24 17:57:44', 'user': 'admin', 'action': 'Error', 'content': 'list index out of range'}
{'date': '2018-11-24 18:03:07', 'user': 'admin', 'action': 'Error', 'content': "导入配置文件失败:'int' object has no attribute 'strip'"}
{'date': '2018-11-24 18:04:31', 'user': 'admin', 'action': 'Error', 'content': 'list index out of range'}
{'date': '2018-11-24 18:04:31', 'user': 'admin', 'action': 'Error', 'content': 'list index out of range'}
{'date': '2018-11-24 18:04:31', 'user': 'admin', 'action': 'Error', 'content': 'list index out of range'}
{'date': '2018-11-24 18:04:31', 'user': 'admin', 'action': 'Error', 'content': 'list index out of range'}
{'date': '2018-11-24 18:06:32', 'user': 'admin', 'action': 'Error', 'content': 'list index out of range'}
{'date': '2018-11-24 18:06:32', 'user': 'admin', 'action': 'Error', 'content': 'list index out of range'}
{'date': '2018-11-24 18:06:32', 'user': 'admin', 'action': 'Error', 'content': 'list index out of range'}
{'date': '2018-11-24 18:06:32', 'user': 'admin', 'action': 'Error', 'content': 'list index out of range'}
{'date': '2018-11-24 18:20:38', 'user': 'admin', 'action': 'Error', 'content': "导入配置文件失败:invalid literal for int() with base 10: ''"}
{'date': '2018-11-26 20:18:40', 'user': 'admin', 'action': 'Error', 'content': 'list index out of range'}
{'date': '2018-11-26 20:18:40', 'user': 'admin', 'action': 'Error', 'content': 'list index out of range'}
{'date': '2018-11-26 20:18:40', 'user': 'admin', 'action': 'Error', 'content': 'list index out of range'}
{'date': '2018-11-26 20:18:40', 'user': 'admin', 'action': 'Error', 'content': 'list index out of range'}
{'date': '2018-11-26 20:18:40', 'user': 'admin', 'action': 'Error', 'content': 'list index out of range'}
{'date': '2018-11-26 20:18:40', 'user': 'admin', 'action': 'Error', 'content': 'list index out of range'}
{'date': '2018-11-26 20:18:40', 'user': 'admin', 'action': 'Error', 'content': 'list index out of range'}
{'date': '2018-11-26 20:18:40', 'user': 'admin', 'action': 'Error', 'content': 'list index out of range'}
{'date': '2018-11-26 20:18:40', 'user': 'admin', 'action': 'Error', 'content': 'list index out of range'}
{'date': '2018-11-26 20:18:40', 'user': 'admin', 'action': 'Error', 'content': 'list index out of range'}
{'date': '2018-11-26 20:18:40', 'user': 'admin', 'action': 'Error', 'content': 'list index out of range'}
{'date': '2018-11-26 20:18:40', 'user': 'admin', 'action': 'Error', 'content': 'list index out of range'}
{'date': '2018-11-26 20:18:40', 'user': 'admin', 'action': 'Error', 'content': 'list index out of range'}
{'date': '2018-11-26 20:18:40', 'user': 'admin', 'action': 'Error', 'content': 'list index out of range'}
{'date': '2018-11-26 20:18:40', 'user': 'admin', 'action': 'Error', 'content': 'list index out of range'}
{'date': '2018-11-26 20:18:40', 'user': 'admin', 'action': 'Error', 'content': 'list index out of range'}
{'date': '2018-11-26 20:18:40', 'user': 'admin', 'action': 'Error', 'content': 'list index out of range'}
{'date': '2018-11-26 20:18:40', 'user': 'admin', 'action': 'Error', 'content': 'list index out of range'}
{'date': '2018-11-26 20:18:40', 'user': 'admin', 'action': 'Error', 'content': 'list index out of range'}
{'date': '2018-11-26 20:18:40', 'user': 'admin', 'action': 'Error', 'content': 'list index out of range'}
{'date': '2018-11-26 20:18:40', 'user': 'admin', 'action': 'Error', 'content': 'list index out of range'}
{'date': '2018-11-26 20:18:40', 'user': 'admin', 'action': 'Error', 'content': 'list index out of range'}
{'date': '2018-11-26 20:18:40', 'user': 'admin', 'action': 'Error', 'content': 'list index out of range'}
{'date': '2018-11-26 20:18:40', 'user': 'admin', 'action': 'Error', 'content': 'list index out of range'}
{'date': '2018-11-26 20:18:40', 'user': 'admin', 'action': 'Error', 'content': 'list index out of range'}
{'date': '2018-11-26 20:18:40', 'user': 'admin', 'action': 'Error', 'content': 'list index out of range'}
{'date': '2018-11-26 20:18:40', 'user': 'admin', 'action': 'Error', 'content': 'list index out of range'}
{'date': '2018-11-26 20:18:40', 'user': 'admin', 'action': 'Error', 'content': 'list index out of range'}
{'date': '2018-11-26 20:18:40', 'user': 'admin', 'action': 'Error', 'content': 'list index out of range'}
{'date': '2018-11-26 20:18:40', 'user': 'admin', 'action': 'Error', 'content': 'list index out of range'}
{'date': '2018-11-26 20:18:40', 'user': 'admin', 'action': 'Error', 'content': 'list index out of range'}
{'date': '2018-11-26 20:18:40', 'user': 'admin', 'action': 'Error', 'content': 'list index out of range'}
{'date': '2018-11-26 20:18:40', 'user': 'admin', 'action': 'Error', 'content': 'list index out of range'}
{'date': '2018-11-26 20:18:40', 'user': 'admin', 'action': 'Error', 'content': 'list index out of range'}
{'date': '2018-11-26 20:18:40', 'user': 'admin', 'action': 'Error', 'content': 'list index out of range'}
{'date': '2018-11-26 20:18:40', 'user': 'admin', 'action': 'Error', 'content': 'list index out of range'}
{'date': '2018-11-26 20:18:40', 'user': 'admin', 'action': 'Error', 'content': 'list index out of range'}
{'date': '2018-11-26 20:18:40', 'user': 'admin', 'action': 'Error', 'content': 'list index out of range'}
{'date': '2018-11-26 20:18:40', 'user': 'admin', 'action': 'Error', 'content': 'list index out of range'}
{'date': '2018-11-26 20:18:40', 'user': 'admin', 'action': 'Error', 'content': 'list index out of range'}
{'date': '2018-11-26 20:18:40', 'user': 'admin', 'action': 'Error', 'content': 'list index out of range'}
{'date': '2018-11-26 20:18:40', 'user': 'admin', 'action': 'Error', 'content': 'list index out of range'}
{'date': '2018-11-26 20:18:40', 'user': 'admin', 'action': 'Error', 'content': 'list index out of range'}
{'date': '2018-11-26 20:18:40', 'user': 'admin', 'action': 'Error', 'content': 'list index out of range'}
{'date': '2018-11-26 20:18:40', 'user': 'admin', 'action': 'Error', 'content': 'list index out of range'}
{'date': '2018-11-26 20:18:40', 'user': 'admin', 'action': 'Error', 'content': 'list index out of range'}
{'date': '2018-11-26 20:18:40', 'user': 'admin', 'action': 'Error', 'content': 'list index out of range'}
{'date': '2018-11-26 20:18:40', 'user': 'admin', 'action': 'Error', 'content': 'list index out of range'}
{'date': '2018-11-26 20:18:40', 'user': 'admin', 'action': 'Error', 'content': 'list index out of range'}
{'date': '2018-11-26 20:18:40', 'user': 'admin', 'action': 'Error', 'content': 'list index out of range'}
{'date': '2018-11-26 20:18:40', 'user': 'admin', 'action': 'Error', 'content': 'list index out of range'}
{'date': '2018-11-26 20:18:40', 'user': 'admin', 'action': 'Error', 'content': 'list index out of range'}
{'date': '2018-11-26 20:18:40', 'user': 'admin', 'action': 'Error', 'content': 'list index out of range'}
{'date': '2018-11-26 20:18:40', 'user': 'admin', 'action': 'Error', 'content': 'list index out of range'}
{'date': '2018-11-26 20:18:40', 'user': 'admin', 'action': 'Error', 'content': 'list index out of range'}
{'date': '2018-11-26 20:18:40', 'user': 'admin', 'action': 'Error', 'content': 'list index out of range'}
{'date': '2018-11-26 20:18:40', 'user': 'admin', 'action': 'Error', 'content': 'list index out of range'}
{'date': '2018-11-26 20:18:40', 'user': 'admin', 'action': 'Error', 'content': 'list index out of range'}
{'date': '2018-11-26 20:18:40', 'user': 'admin', 'action': 'Error', 'content': 'list index out of range'}
{'date': '2018-11-26 20:18:40', 'user': 'admin', 'action': 'Error', 'content': 'list index out of range'}
{'date': '2018-11-26 20:18:40', 'user': 'admin', 'action': 'Error', 'content': 'list index out of range'}
{'date': '2018-11-26 20:18:40', 'user': 'admin', 'action': 'Error', 'content': 'list index out of range'}
{'date': '2018-11-26 20:18:40', 'user': 'admin', 'action': 'Error', 'content': 'list index out of range'}
{'date': '2018-11-26 20:18:40', 'user': 'admin', 'action': 'Error', 'content': 'list index out of range'}
{'date': '2018-11-26 20:18:40', 'user': 'admin', 'action': 'Error', 'content': 'list index out of range'}
{'date': '2018-11-26 20:18:40', 'user': 'admin', 'action': 'Error', 'content': 'list index out of range'}
{'date': '2018-11-26 20:18:40', 'user': 'admin', 'action': 'Error', 'content': 'list index out of range'}
{'date': '2018-11-26 20:18:40', 'user': 'admin', 'action': 'Error', 'content': 'list index out of range'}
{'date': '2018-11-26 20:18:40', 'user': 'admin', 'action': 'Error', 'content': 'list index out of range'}
{'date': '2018-11-26 20:18:40', 'user': 'admin', 'action': 'Error', 'content': 'list index out of range'}
{'date': '2018-11-26 20:18:40', 'user': 'admin', 'action': 'Error', 'content': 'list index out of range'}
{'date': '2018-11-26 20:18:40', 'user': 'admin', 'action': 'Error', 'content': 'list index out of range'}
{'date': '2018-11-26 20:18:40', 'user': 'admin', 'action': 'Error', 'content': 'list index out of range'}
{'date': '2018-11-26 20:18:40', 'user': 'admin', 'action': 'Error', 'content': 'list index out of range'}
{'date': '2018-11-26 20:18:40', 'user': 'admin', 'action': 'Error', 'content': 'list index out of range'}
{'date': '2018-11-26 20:18:40', 'user': 'admin', 'action': 'Error', 'content': 'list index out of range'}
{'date': '2018-11-26 20:18:41', 'user': 'admin', 'action': 'Error', 'content': 'list index out of range'}
{'date': '2018-11-26 20:18:41', 'user': 'admin', 'action': 'Error', 'content': 'list index out of range'}
{'date': '2018-11-26 20:18:41', 'user': 'admin', 'action': 'Error', 'content': 'list index out of range'}
{'date': '2018-11-26 20:18:41', 'user': 'admin', 'action': 'Error', 'content': 'list index out of range'}
{'date': '2018-11-26 20:18:41', 'user': 'admin', 'action': 'Error', 'content': 'list index out of range'}
{'date': '2018-11-26 20:18:41', 'user': 'admin', 'action': 'Error', 'content': 'list index out of range'}
{'date': '2018-11-26 20:18:41', 'user': 'admin', 'action': 'Error', 'content': 'list index out of range'}
{'date': '2018-11-26 20:18:41', 'user': 'admin', 'action': 'Error', 'content': 'list index out of range'}
{'date': '2018-11-26 20:18:41', 'user': 'admin', 'action': 'Error', 'content': 'list index out of range'}
{'date': '2018-11-26 20:18:41', 'user': 'admin', 'action': 'Error', 'content': 'list index out of range'}
{'date': '2018-11-26 20:18:41', 'user': 'admin', 'action': 'Error', 'content': 'list index out of range'}
{'date': '2018-11-26 20:18:41', 'user': 'admin', 'action': 'Error', 'content': 'list index out of range'}
{'date': '2018-11-26 20:18:41', 'user': 'admin', 'action': 'Error', 'content': 'list index out of range'}
{'date': '2018-11-26 20:18:41', 'user': 'admin', 'action': 'Error', 'content': 'list index out of range'}
{'date': '2018-11-26 20:18:41', 'user': 'admin', 'action': 'Error', 'content': 'list index out of range'}
{'date': '2018-11-26 20:18:41', 'user': 'admin', 'action': 'Error', 'content': 'list index out of range'}
{'date': '2018-11-26 20:18:41', 'user': 'admin', 'action': 'Error', 'content': 'list index out of range'}
{'date': '2018-11-26 20:18:41', 'user': 'admin', 'action': 'Error', 'content': 'list index out of range'}
{'date': '2018-11-26 20:18:41', 'user': 'admin', 'action': 'Error', 'content': 'list index out of range'}
{'date': '2018-11-26 20:18:41', 'user': 'admin', 'action': 'Error', 'content': 'list index out of range'}
{'date': '2018-11-26 20:18:41', 'user': 'admin', 'action': 'Error', 'content': 'list index out of range'}
{'date': '2018-11-26 20:18:41', 'user': 'admin', 'action': 'Error', 'content': 'list index out of range'}
{'date': '2018-11-26 20:18:41', 'user': 'admin', 'action': 'Error', 'content': 'list index out of range'}
{'date': '2018-11-26 20:18:41', 'user': 'admin', 'action': 'Error', 'content': 'list index out of range'}
{'date': '2018-11-26 20:18:41', 'user': 'admin', 'action': 'Error', 'content': 'list index out of range'}
{'date': '2018-11-26 20:18:41', 'user': 'admin', 'action': 'Error', 'content': 'list index out of range'}
{'date': '2018-11-26 20:18:41', 'user': 'admin', 'action': 'Error', 'content': 'list index out of range'}
{'date': '2018-11-26 20:18:41', 'user': 'admin', 'action': 'Error', 'content': 'list index out of range'}
{'date': '2018-11-26 20:18:41', 'user': 'admin', 'action': 'Error', 'content': 'list index out of range'}
{'date': '2018-11-26 20:18:41', 'user': 'admin', 'action': 'Error', 'content': 'list index out of range'}
{'date': '2018-11-26 20:18:41', 'user': 'admin', 'action': 'Error', 'content': 'list index out of range'}
{'date': '2018-11-26 20:18:41', 'user': 'admin', 'action': 'Error', 'content': 'list index out of range'}
{'date': '2018-11-26 20:18:41', 'user': 'admin', 'action': 'Error', 'content': 'list index out of range'}
{'date': '2018-11-26 20:18:41', 'user': 'admin', 'action': 'Error', 'content': 'list index out of range'}
{'date': '2018-11-26 20:18:41', 'user': 'admin', 'action': 'Error', 'content': 'list index out of range'}
{'date': '2018-11-26 20:18:41', 'user': 'admin', 'action': 'Error', 'content': 'list index out of range'}
{'date': '2018-11-26 20:18:41', 'user': 'admin', 'action': 'Error', 'content': 'list index out of range'}
{'date': '2018-11-26 20:18:41', 'user': 'admin', 'action': 'Error', 'content': 'list index out of range'}
{'date': '2018-11-26 20:20:03', 'user': 'admin', 'action': 'Error', 'content': 'list index out of range'}
{'date': '2018-11-26 20:20:03', 'user': 'admin', 'action': 'Error', 'content': 'list index out of range'}
{'date': '2018-11-26 20:20:03', 'user': 'admin', 'action': 'Error', 'content': 'list index out of range'}
{'date': '2018-11-26 20:20:03', 'user': 'admin', 'action': 'Error', 'content': 'list index out of range'}
{'date': '2018-11-26 20:20:03', 'user': 'admin', 'action': 'Error', 'content': 'list index out of range'}
{'date': '2018-11-26 20:20:03', 'user': 'admin', 'action': 'Error', 'content': 'list index out of range'}
{'date': '2018-11-26 20:20:03', 'user': 'admin', 'action': 'Error', 'content': 'list index out of range'}
{'date': '2018-11-26 20:20:03', 'user': 'admin', 'action': 'Error', 'content': 'list index out of range'}
{'date': '2018-11-26 20:20:03', 'user': 'admin', 'action': 'Error', 'content': 'list index out of range'}
{'date': '2018-11-26 20:20:03', 'user': 'admin', 'action': 'Error', 'content': 'list index out of range'}
{'date': '2018-11-26 20:20:03', 'user': 'admin', 'action': 'Error', 'content': 'list index out of range'}
{'date': '2018-11-26 20:20:03', 'user': 'admin', 'action': 'Error', 'content': 'list index out of range'}
{'date': '2018-11-26 20:20:03', 'user': 'admin', 'action': 'Error', 'content': 'list index out of range'}
{'date': '2018-11-26 20:20:03', 'user': 'admin', 'action': 'Error', 'content': 'list index out of range'}
{'date': '2018-11-26 20:20:03', 'user': 'admin', 'action': 'Error', 'content': 'list index out of range'}
{'date': '2018-11-26 20:20:03', 'user': 'admin', 'action': 'Error', 'content': 'list index out of range'}
{'date': '2018-11-26 20:20:03', 'user': 'admin', 'action': 'Error', 'content': 'list index out of range'}
{'date': '2018-11-26 20:20:03', 'user': 'admin', 'action': 'Error', 'content': 'list index out of range'}
{'date': '2018-11-26 20:20:03', 'user': 'admin', 'action': 'Error', 'content': 'list index out of range'}
{'date': '2018-11-26 20:20:03', 'user': 'admin', 'action': 'Error', 'content': 'list index out of range'}
{'date': '2018-11-26 20:20:03', 'user': 'admin', 'action': 'Error', 'content': 'list index out of range'}
{'date': '2018-11-26 20:20:03', 'user': 'admin', 'action': 'Error', 'content': 'list index out of range'}
{'date': '2018-11-26 20:20:03', 'user': 'admin', 'action': 'Error', 'content': 'list index out of range'}
{'date': '2018-11-26 20:20:03', 'user': 'admin', 'action': 'Error', 'content': 'list index out of range'}
{'date': '2018-11-26 20:20:03', 'user': 'admin', 'action': 'Error', 'content': 'list index out of range'}
{'date': '2018-11-26 20:20:03', 'user': 'admin', 'action': 'Error', 'content': 'list index out of range'}
{'date': '2018-11-26 20:20:03', 'user': 'admin', 'action': 'Error', 'content': 'list index out of range'}
{'date': '2018-11-26 20:20:03', 'user': 'admin', 'action': 'Error', 'content': 'list index out of range'}
{'date': '2018-11-26 20:20:03', 'user': 'admin', 'action': 'Error', 'content': 'list index out of range'}
{'date': '2018-11-26 20:20:03', 'user': 'admin', 'action': 'Error', 'content': 'list index out of range'}
{'date': '2018-11-26 20:20:03', 'user': 'admin', 'action': 'Error', 'content': 'list index out of range'}
{'date': '2018-11-26 20:20:03', 'user': 'admin', 'action': 'Error', 'content': 'list index out of range'}
{'date': '2018-11-26 20:20:03', 'user': 'admin', 'action': 'Error', 'content': 'list index out of range'}
{'date': '2018-11-26 20:20:03', 'user': 'admin', 'action': 'Error', 'content': 'list index out of range'}
{'date': '2018-11-26 20:20:03', 'user': 'admin', 'action': 'Error', 'content': 'list index out of range'}
{'date': '2018-11-26 20:20:03', 'user': 'admin', 'action': 'Error', 'content': 'list index out of range'}
{'date': '2018-11-26 20:20:03', 'user': 'admin', 'action': 'Error', 'content': 'list index out of range'}
{'date': '2018-11-26 20:20:03', 'user': 'admin', 'action': 'Error', 'content': 'list index out of range'}
{'date': '2018-11-26 20:20:03', 'user': 'admin', 'action': 'Error', 'content': 'list index out of range'}
{'date': '2018-11-26 20:20:03', 'user': 'admin', 'action': 'Error', 'content': 'list index out of range'}
{'date': '2018-11-26 20:20:03', 'user': 'admin', 'action': 'Error', 'content': 'list index out of range'}
{'date': '2018-11-26 20:20:03', 'user': 'admin', 'action': 'Error', 'content': 'list index out of range'}
{'date': '2018-11-26 20:20:03', 'user': 'admin', 'action': 'Error', 'content': 'list index out of range'}
{'date': '2018-11-26 20:20:03', 'user': 'admin', 'action': 'Error', 'content': 'list index out of range'}
{'date': '2018-11-26 20:20:03', 'user': 'admin', 'action': 'Error', 'content': 'list index out of range'}
{'date': '2018-11-26 20:20:03', 'user': 'admin', 'action': 'Error', 'content': 'list index out of range'}
{'date': '2018-11-26 20:20:03', 'user': 'admin', 'action': 'Error', 'content': 'list index out of range'}
{'date': '2018-11-26 20:20:03', 'user': 'admin', 'action': 'Error', 'content': 'list index out of range'}
{'date': '2018-11-26 20:20:03', 'user': 'admin', 'action': 'Error', 'content': 'list index out of range'}
{'date': '2018-11-26 20:20:03', 'user': 'admin', 'action': 'Error', 'content': 'list index out of range'}
{'date': '2018-11-26 20:20:03', 'user': 'admin', 'action': 'Error', 'content': 'list index out of range'}
{'date': '2018-11-26 20:20:03', 'user': 'admin', 'action': 'Error', 'content': 'list index out of range'}
{'date': '2018-11-26 20:20:03', 'user': 'admin', 'action': 'Error', 'content': 'list index out of range'}
{'date': '2018-11-26 20:20:03', 'user': 'admin', 'action': 'Error', 'content': 'list index out of range'}
{'date': '2018-11-26 20:20:03', 'user': 'admin', 'action': 'Error', 'content': 'list index out of range'}
{'date': '2018-11-26 20:20:03', 'user': 'admin', 'action': 'Error', 'content': 'list index out of range'}
{'date': '2018-11-26 20:20:03', 'user': 'admin', 'action': 'Error', 'content': 'list index out of range'}
{'date': '2018-11-26 20:20:03', 'user': 'admin', 'action': 'Error', 'content': 'list index out of range'}
{'date': '2018-11-26 20:20:03', 'user': 'admin', 'action': 'Error', 'content': 'list index out of range'}
{'date': '2018-11-26 20:20:03', 'user': 'admin', 'action': 'Error', 'content': 'list index out of range'}
{'date': '2018-11-26 20:20:03', 'user': 'admin', 'action': 'Error', 'content': 'list index out of range'}
{'date': '2018-11-26 20:20:03', 'user': 'admin', 'action': 'Error', 'content': 'list index out of range'}
{'date': '2018-11-26 20:20:03', 'user': 'admin', 'action': 'Error', 'content': 'list index out of range'}
{'date': '2018-11-26 20:20:03', 'user': 'admin', 'action': 'Error', 'content': 'list index out of range'}
{'date': '2018-11-26 20:20:03', 'user': 'admin', 'action': 'Error', 'content': 'list index out of range'}
{'date': '2018-11-26 20:20:03', 'user': 'admin', 'action': 'Error', 'content': 'list index out of range'}
{'date': '2018-11-26 20:20:03', 'user': 'admin', 'action': 'Error', 'content': 'list index out of range'}
{'date': '2018-11-26 20:20:03', 'user': 'admin', 'action': 'Error', 'content': 'list index out of range'}
{'date': '2018-11-26 20:20:03', 'user': 'admin', 'action': 'Error', 'content': 'list index out of range'}
{'date': '2018-11-26 20:20:03', 'user': 'admin', 'action': 'Error', 'content': 'list index out of range'}
{'date': '2018-11-26 20:20:03', 'user': 'admin', 'action': 'Error', 'content': 'list index out of range'}
{'date': '2018-11-26 20:20:03', 'user': 'admin', 'action': 'Error', 'content': 'list index out of range'}
{'date': '2018-11-26 20:20:03', 'user': 'admin', 'action': 'Error', 'content': 'list index out of range'}
{'date': '2018-11-26 20:20:03', 'user': 'admin', 'action': 'Error', 'content': 'list index out of range'}
{'date': '2018-11-26 20:20:03', 'user': 'admin', 'action': 'Error', 'content': 'list index out of range'}
{'date': '2018-11-26 20:20:03', 'user': 'admin', 'action': 'Error', 'content': 'list index out of range'}
{'date': '2018-11-26 20:20:03', 'user': 'admin', 'action': 'Error', 'content': 'list index out of range'}
{'date': '2018-11-26 20:20:04', 'user': 'admin', 'action': 'Error', 'content': 'list index out of range'}
{'date': '2018-11-26 20:20:04', 'user': 'admin', 'action': 'Error', 'content': 'list index out of range'}
{'date': '2018-11-26 20:20:04', 'user': 'admin', 'action': 'Error', 'content': 'list index out of range'}
{'date': '2018-11-26 20:20:04', 'user': 'admin', 'action': 'Error', 'content': 'list index out of range'}
{'date': '2018-11-26 20:20:04', 'user': 'admin', 'action': 'Error', 'content': 'list index out of range'}
{'date': '2018-11-26 20:20:04', 'user': 'admin', 'action': 'Error', 'content': 'list index out of range'}
{'date': '2018-11-26 20:20:04', 'user': 'admin', 'action': 'Error', 'content': 'list index out of range'}
{'date': '2018-11-26 20:20:04', 'user': 'admin', 'action': 'Error', 'content': 'list index out of range'}
{'date': '2018-11-26 20:20:04', 'user': 'admin', 'action': 'Error', 'content': 'list index out of range'}
{'date': '2018-11-26 20:20:04', 'user': 'admin', 'action': 'Error', 'content': 'list index out of range'}
{'date': '2018-11-26 20:20:04', 'user': 'admin', 'action': 'Error', 'content': 'list index out of range'}
{'date': '2018-11-26 20:20:04', 'user': 'admin', 'action': 'Error', 'content': 'list index out of range'}
{'date': '2018-11-26 20:20:04', 'user': 'admin', 'action': 'Error', 'content': 'list index out of range'}
{'date': '2018-11-26 20:20:04', 'user': 'admin', 'action': 'Error', 'content': 'list index out of range'}
{'date': '2018-11-26 20:20:04', 'user': 'admin', 'action': 'Error', 'content': 'list index out of range'}
{'date': '2018-11-26 20:20:04', 'user': 'admin', 'action': 'Error', 'content': 'list index out of range'}
{'date': '2018-11-26 20:20:04', 'user': 'admin', 'action': 'Error', 'content': 'list index out of range'}
{'date': '2018-11-26 20:20:04', 'user': 'admin', 'action': 'Error', 'content': 'list index out of range'}
{'date': '2018-11-26 20:20:04', 'user': 'admin', 'action': 'Error', 'content': 'list index out of range'}
{'date': '2018-11-26 20:20:04', 'user': 'admin', 'action': 'Error', 'content': 'list index out of range'}
{'date': '2018-11-26 20:20:04', 'user': 'admin', 'action': 'Error', 'content': 'list index out of range'}
{'date': '2018-11-26 20:20:04', 'user': 'admin', 'action': 'Error', 'content': 'list index out of range'}
{'date': '2018-11-26 20:20:04', 'user': 'admin', 'action': 'Error', 'content': 'list index out of range'}
{'date': '2018-11-26 20:20:04', 'user': 'admin', 'action': 'Error', 'content': 'list index out of range'}
{'date': '2018-11-26 20:20:04', 'user': 'admin', 'action': 'Error', 'content': 'list index out of range'}
{'date': '2018-11-26 20:20:04', 'user': 'admin', 'action': 'Error', 'content': 'list index out of range'}
{'date': '2018-11-26 20:20:04', 'user': 'admin', 'action': 'Error', 'content': 'list index out of range'}
{'date': '2018-11-26 20:20:04', 'user': 'admin', 'action': 'Error', 'content': 'list index out of range'}
{'date': '2018-11-26 20:20:04', 'user': 'admin', 'action': 'Error', 'content': 'list index out of range'}
{'date': '2018-11-26 20:20:04', 'user': 'admin', 'action': 'Error', 'content': 'list index out of range'}
{'date': '2018-11-26 20:20:04', 'user': 'admin', 'action': 'Error', 'content': 'list index out of range'}
{'date': '2018-11-26 20:20:04', 'user': 'admin', 'action': 'Error', 'content': 'list index out of range'}
{'date': '2018-11-26 20:20:04', 'user': 'admin', 'action': 'Error', 'content': 'list index out of range'}
{'date': '2018-11-26 20:20:04', 'user': 'admin', 'action': 'Error', 'content': 'list index out of range'}
{'date': '2018-11-26 20:20:04', 'user': 'admin', 'action': 'Error', 'content': 'list index out of range'}
{'date': '2018-11-26 20:20:04', 'user': 'admin', 'action': 'Error', 'content': 'list index out of range'}
{'date': '2018-11-26 20:20:04', 'user': 'admin', 'action': 'Error', 'content': 'list index out of range'}
{'date': '2018-11-27 09:58:17', 'user': 'admin', 'action': 'Error', 'content': 'list index out of range'}
{'date': '2018-11-27 09:58:17', 'user': 'admin', 'action': 'Error', 'content': 'list index out of range'}
{'date': '2018-11-27 09:58:17', 'user': 'admin', 'action': 'Error', 'content': 'list index out of range'}
{'date': '2018-11-27 09:58:17', 'user': 'admin', 'action': 'Error', 'content': 'list index out of range'}
{'date': '2018-11-27 09:58:17', 'user': 'admin', 'action': 'Error', 'content': 'list index out of range'}
{'date': '2018-11-27 09:58:17', 'user': 'admin', 'action': 'Error', 'content': 'list index out of range'}
{'date': '2018-11-27 09:58:17', 'user': 'admin', 'action': 'Error', 'content': 'list index out of range'}
{'date': '2018-11-27 09:58:17', 'user': 'admin', 'action': 'Error', 'content': 'list index out of range'}
{'date': '2018-11-27 09:58:17', 'user': 'admin', 'action': 'Error', 'content': 'list index out of range'}
{'date': '2018-11-27 09:58:17', 'user': 'admin', 'action': 'Error', 'content': 'list index out of range'}
{'date': '2018-11-27 09:58:17', 'user': 'admin', 'action': 'Error', 'content': 'list index out of range'}
{'date': '2018-11-27 09:58:17', 'user': 'admin', 'action': 'Error', 'content': 'list index out of range'}
{'date': '2018-11-27 09:58:17', 'user': 'admin', 'action': 'Error', 'content': 'list index out of range'}
{'date': '2018-11-27 09:58:17', 'user': 'admin', 'action': 'Error', 'content': 'list index out of range'}
{'date': '2018-11-27 09:58:17', 'user': 'admin', 'action': 'Error', 'content': 'list index out of range'}
{'date': '2018-11-27 09:58:17', 'user': 'admin', 'action': 'Error', 'content': 'list index out of range'}
{'date': '2018-11-27 09:58:17', 'user': 'admin', 'action': 'Error', 'content': 'list index out of range'}
{'date': '2018-11-27 09:58:17', 'user': 'admin', 'action': 'Error', 'content': 'list index out of range'}
{'date': '2018-11-27 09:58:17', 'user': 'admin', 'action': 'Error', 'content': 'list index out of range'}
{'date': '2018-11-27 09:58:17', 'user': 'admin', 'action': 'Error', 'content': 'list index out of range'}
{'date': '2018-11-27 09:58:17', 'user': 'admin', 'action': 'Error', 'content': 'list index out of range'}
{'date': '2018-11-27 09:58:17', 'user': 'admin', 'action': 'Error', 'content': 'list index out of range'}
{'date': '2018-11-27 09:58:17', 'user': 'admin', 'action': 'Error', 'content': 'list index out of range'}
{'date': '2018-11-27 09:58:17', 'user': 'admin', 'action': 'Error', 'content': 'list index out of range'}
{'date': '2018-11-27 09:58:17', 'user': 'admin', 'action': 'Error', 'content': 'list index out of range'}
{'date': '2018-11-27 09:58:17', 'user': 'admin', 'action': 'Error', 'content': 'list index out of range'}
{'date': '2018-11-27 09:58:18', 'user': 'admin', 'action': 'Error', 'content': 'list index out of range'}
{'date': '2018-11-27 09:58:18', 'user': 'admin', 'action': 'Error', 'content': 'list index out of range'}
{'date': '2018-11-27 09:58:18', 'user': 'admin', 'action': 'Error', 'content': 'list index out of range'}
{'date': '2018-11-27 09:58:18', 'user': 'admin', 'action': 'Error', 'content': 'list index out of range'}
{'date': '2018-11-27 09:58:18', 'user': 'admin', 'action': 'Error', 'content': 'list index out of range'}
{'date': '2018-11-27 09:58:18', 'user': 'admin', 'action': 'Error', 'content': 'list index out of range'}
{'date': '2018-11-27 09:58:18', 'user': 'admin', 'action': 'Error', 'content': 'list index out of range'}
{'date': '2018-11-27 09:58:18', 'user': 'admin', 'action': 'Error', 'content': 'list index out of range'}
{'date': '2018-11-27 09:58:18', 'user': 'admin', 'action': 'Error', 'content': 'list index out of range'}
{'date': '2018-11-27 09:58:18', 'user': 'admin', 'action': 'Error', 'content': 'list index out of range'}
{'date': '2018-11-27 09:58:18', 'user': 'admin', 'action': 'Error', 'content': 'list index out of range'}
{'date': '2018-11-27 09:58:18', 'user': 'admin', 'action': 'Error', 'content': 'list index out of range'}
{'date': '2018-11-27 09:58:18', 'user': 'admin', 'action': 'Error', 'content': 'list index out of range'}
{'date': '2018-11-27 09:58:18', 'user': 'admin', 'action': 'Error', 'content': 'list index out of range'}
{'date': '2018-11-27 09:58:18', 'user': 'admin', 'action': 'Error', 'content': 'list index out of range'}
{'date': '2018-11-27 09:58:18', 'user': 'admin', 'action': 'Error', 'content': 'list index out of range'}
{'date': '2018-11-27 09:58:18', 'user': 'admin', 'action': 'Error', 'content': 'list index out of range'}
{'date': '2018-11-27 09:58:18', 'user': 'admin', 'action': 'Error', 'content': 'list index out of range'}
{'date': '2018-11-27 09:58:18', 'user': 'admin', 'action': 'Error', 'content': 'list index out of range'}
{'date': '2018-11-27 09:58:18', 'user': 'admin', 'action': 'Error', 'content': 'list index out of range'}
{'date': '2018-11-27 09:58:18', 'user': 'admin', 'action': 'Error', 'content': 'list index out of range'}
{'date': '2018-11-27 09:58:18', 'user': 'admin', 'action': 'Error', 'content': 'list index out of range'}
{'date': '2018-11-27 09:58:18', 'user': 'admin', 'action': 'Error', 'content': 'list index out of range'}
{'date': '2018-11-27 09:58:18', 'user': 'admin', 'action': 'Error', 'content': 'list index out of range'}
{'date': '2018-11-27 09:58:18', 'user': 'admin', 'action': 'Error', 'content': 'list index out of range'}
{'date': '2018-11-27 09:58:18', 'user': 'admin', 'action': 'Error', 'content': 'list index out of range'}
{'date': '2018-11-27 09:58:18', 'user': 'admin', 'action': 'Error', 'content': 'list index out of range'}
{'date': '2018-11-27 09:58:18', 'user': 'admin', 'action': 'Error', 'content': 'list index out of range'}
{'date': '2018-11-27 09:58:18', 'user': 'admin', 'action': 'Error', 'content': 'list index out of range'}
{'date': '2018-11-27 09:58:18', 'user': 'admin', 'action': 'Error', 'content': 'list index out of range'}
{'date': '2018-11-27 09:58:18', 'user': 'admin', 'action': 'Error', 'content': 'list index out of range'}
{'date': '2018-11-27 09:58:18', 'user': 'admin', 'action': 'Error', 'content': 'list index out of range'}
{'date': '2018-11-27 09:58:18', 'user': 'admin', 'action': 'Error', 'content': 'list index out of range'}
{'date': '2018-11-27 09:58:18', 'user': 'admin', 'action': 'Error', 'content': 'list index out of range'}
{'date': '2018-11-27 09:58:18', 'user': 'admin', 'action': 'Error', 'content': 'list index out of range'}
{'date': '2018-11-27 09:58:18', 'user': 'admin', 'action': 'Error', 'content': 'list index out of range'}
{'date': '2018-11-27 09:58:19', 'user': 'admin', 'action': 'Error', 'content': 'list index out of range'}
{'date': '2018-11-27 09:58:19', 'user': 'admin', 'action': 'Error', 'content': 'list index out of range'}
{'date': '2018-11-27 09:58:19', 'user': 'admin', 'action': 'Error', 'content': 'list index out of range'}
{'date': '2018-11-27 09:58:19', 'user': 'admin', 'action': 'Error', 'content': 'list index out of range'}
{'date': '2018-11-27 09:58:19', 'user': 'admin', 'action': 'Error', 'content': 'list index out of range'}
{'date': '2018-11-27 09:58:19', 'user': 'admin', 'action': 'Error', 'content': 'list index out of range'}
{'date': '2018-11-27 09:58:19', 'user': 'admin', 'action': 'Error', 'content': 'list index out of range'}
{'date': '2018-11-27 09:58:19', 'user': 'admin', 'action': 'Error', 'content': 'list index out of range'}
{'date': '2018-11-27 09:58:19', 'user': 'admin', 'action': 'Error', 'content': 'list index out of range'}
{'date': '2018-11-27 09:58:19', 'user': 'admin', 'action': 'Error', 'content': 'list index out of range'}
{'date': '2018-11-27 09:58:19', 'user': 'admin', 'action': 'Error', 'content': 'list index out of range'}
{'date': '2018-11-27 09:58:19', 'user': 'admin', 'action': 'Error', 'content': 'list index out of range'}
{'date': '2018-11-27 09:58:19', 'user': 'admin', 'action': 'Error', 'content': 'list index out of range'}
{'date': '2018-11-27 09:58:19', 'user': 'admin', 'action': 'Error', 'content': 'list index out of range'}
{'date': '2018-11-27 09:58:19', 'user': 'admin', 'action': 'Error', 'content': 'list index out of range'}
{'date': '2018-11-27 09:58:19', 'user': 'admin', 'action': 'Error', 'content': 'list index out of range'}
{'date': '2018-11-27 09:58:19', 'user': 'admin', 'action': 'Error', 'content': 'list index out of range'}
{'date': '2018-11-27 09:58:19', 'user': 'admin', 'action': 'Error', 'content': 'list index out of range'}
{'date': '2018-11-27 09:58:19', 'user': 'admin', 'action': 'Error', 'content': 'list index out of range'}
{'date': '2018-11-27 09:58:19', 'user': 'admin', 'action': 'Error', 'content': 'list index out of range'}
{'date': '2018-11-27 09:58:19', 'user': 'admin', 'action': 'Error', 'content': 'list index out of range'}
{'date': '2018-11-27 09:58:19', 'user': 'admin', 'action': 'Error', 'content': 'list index out of range'}
{'date': '2018-11-27 09:58:19', 'user': 'admin', 'action': 'Error', 'content': 'list index out of range'}
{'date': '2018-11-27 09:58:19', 'user': 'admin', 'action': 'Error', 'content': 'list index out of range'}
{'date': '2018-11-27 09:58:19', 'user': 'admin', 'action': 'Error', 'content': 'list index out of range'}
{'date': '2018-11-27 09:58:19', 'user': 'admin', 'action': 'Error', 'content': 'list index out of range'}
{'date': '2018-11-27 09:58:19', 'user': 'admin', 'action': 'Error', 'content': 'list index out of range'}
{'date': '2018-11-27 09:58:19', 'user': 'admin', 'action': 'Error', 'content': 'list index out of range'}
{'date': '2018-11-27 09:58:19', 'user': 'admin', 'action': 'Error', 'content': 'list index out of range'}
{'date': '2018-11-27 09:58:19', 'user': 'admin', 'action': 'Error', 'content': 'list index out of range'}
{'date': '2018-11-27 09:58:19', 'user': 'admin', 'action': 'Error', 'content': 'list index out of range'}
{'date': '2018-11-27 09:58:19', 'user': 'admin', 'action': 'Error', 'content': 'list index out of range'}
{'date': '2018-11-27 09:58:19', 'user': 'admin', 'action': 'Error', 'content': 'list index out of range'}
{'date': '2018-11-27 09:58:19', 'user': 'admin', 'action': 'Error', 'content': 'list index out of range'}
{'date': '2018-11-27 09:58:19', 'user': 'admin', 'action': 'Error', 'content': 'list index out of range'}
{'date': '2018-11-27 09:58:19', 'user': 'admin', 'action': 'Error', 'content': 'list index out of range'}
{'date': '2018-11-27 09:58:19', 'user': 'admin', 'action': 'Error', 'content': 'list index out of range'}
{'date': '2018-11-27 09:58:19', 'user': 'admin', 'action': 'Error', 'content': 'list index out of range'}
{'date': '2018-11-27 09:58:19', 'user': 'admin', 'action': 'Error', 'content': 'list index out of range'}
{'date': '2018-11-27 09:58:19', 'user': 'admin', 'action': 'Error', 'content': 'list index out of range'}
{'date': '2018-11-27 09:58:19', 'user': 'admin', 'action': 'Error', 'content': 'list index out of range'}
{'date': '2018-11-27 09:58:19', 'user': 'admin', 'action': 'Error', 'content': 'list index out of range'}
{'date': '2018-11-27 09:58:19', 'user': 'admin', 'action': 'Error', 'content': 'list index out of range'}
{'date': '2018-11-27 09:58:20', 'user': 'admin', 'action': 'Error', 'content': 'list index out of range'}
{'date': '2018-11-27 09:58:20', 'user': 'admin', 'action': 'Error', 'content': 'list index out of range'}
{'date': '2018-11-27 09:58:20', 'user': 'admin', 'action': 'Error', 'content': 'list index out of range'}
{'date': '2018-11-27 09:58:20', 'user': 'admin', 'action': 'Error', 'content': 'list index out of range'}
{'date': '2018-11-27 09:58:20', 'user': 'admin', 'action': 'Error', 'content': 'list index out of range'}
{'date': '2018-11-27 09:58:20', 'user': 'admin', 'action': 'Error', 'content': 'list index out of range'}
{'date': '2018-11-27 09:58:20', 'user': 'admin', 'action': 'Error', 'content': 'list index out of range'}
{'date': '2018-11-27 09:58:20', 'user': 'admin', 'action': 'Error', 'content': 'list index out of range'}
{'date': '2018-11-27 09:58:20', 'user': 'admin', 'action': 'Error', 'content': 'list index out of range'}
{'date': '2018-11-30 09:51:17', 'user': 'admin', 'action': 'Error', 'content': '登录系统失败'}
